<?xml version="1.0" encoding="UTF-8"?>
<!-- Generated by org.testng.reporters.JUnitReportReporter -->
<testsuite hostname="LAPTOP-EACL8JBU" failures="0" tests="1" name="testCases.LoginTest_facebook" time="11.980" errors="0" timestamp="29 Jun 2023 19:21:42 GMT">
  <testcase classname="testCases.LoginTest_facebook" name="loginFacebook" time="11.980"/>
</testsuite> <!-- testCases.LoginTest_facebook -->
