<?xml version="1.0" encoding="UTF-8"?>
<!-- Generated by org.testng.reporters.JUnitReportReporter -->
<testsuite hostname="LAPTOP-EACL8JBU" failures="0" tests="1" name="testCases.LoginTest_facebook_COPY" time="0.013" errors="0" timestamp="29 Jun 2023 15:49:45 GMT">
  <testcase classname="testCases.LoginTest_facebook_COPY" name="tain" time="0.013"/>
</testsuite> <!-- testCases.LoginTest_facebook_COPY -->
