<?xml version="1.0" encoding="UTF-8"?>
<!-- Generated by org.testng.reporters.JUnitReportReporter -->
<testsuite hostname="LAPTOP-EACL8JBU" failures="0" tests="1" name="testCases.Snippet" time="7.512" errors="0" timestamp="29 Jun 2023 18:10:25 GMT">
  <testcase classname="testCases.Snippet" name="loginApple" time="7.512"/>
</testsuite> <!-- testCases.Snippet -->
