<?xml version="1.0" encoding="UTF-8"?>
<!-- Generated by org.testng.reporters.JUnitReportReporter -->
<testsuite hostname="LAPTOP-EACL8JBU" failures="0" tests="1" name="testCases.LoginTest_microsoft" time="31.988" errors="0" timestamp="29 Jun 2023 19:24:05 GMT">
  <testcase classname="testCases.LoginTest_microsoft" name="loginMicrosoft" time="31.988"/>
</testsuite> <!-- testCases.LoginTest_microsoft -->
