<?xml version="1.0" encoding="UTF-8"?>
<!-- Generated by org.testng.reporters.JUnitReportReporter -->
<testsuite hostname="LAPTOP-EACL8JBU" failures="0" tests="1" name="testCases.LoginTest_apple" time="11.689" errors="0" timestamp="29 Jun 2023 19:24:05 GMT">
  <testcase classname="testCases.LoginTest_apple" name="loginApple" time="11.689"/>
</testsuite> <!-- testCases.LoginTest_apple -->
